<?xml version="1.0" encoding="UTF-8"?>
<!-- Generated by org.testng.reporters.JUnitXMLReporter -->
<testsuite hostname="SHARATH-KOPPERAs-MacBook-Pro.local" name="Default test" tests="3" failures="0" timestamp="31 Mar 2020 21:59:06 GMT" time="47.474" errors="0">
  <testcase name="validatenewcontacts" time="4.373" classname="com.crm.qa.testcases.contactspagetest"/>
  <testcase name="validatenewcontacts" time="3.832" classname="com.crm.qa.testcases.contactspagetest"/>
  <testcase name="validatenewcontacts" time="3.776" classname="com.crm.qa.testcases.contactspagetest"/>
</testsuite> <!-- Default test -->
