<?xml version="1.0" encoding="UTF-8"?>
<!-- Generated by org.testng.reporters.JUnitXMLReporter -->
<testsuite hostname="SHARATH-KOPPERAs-MacBook-Pro.local" name="freecrmapptest" tests="12" failures="0" timestamp="31 Mar 2020 22:07:03 GMT" time="133.922" errors="0">
  <testcase name="checklogin" time="5.072" classname="com.crm.qa.testcases.Loginpagetest"/>
  <testcase name="Titletest" time="0.058" classname="com.crm.qa.testcases.Loginpagetest"/>
  <testcase name="testcrmlogo" time="0.146" classname="com.crm.qa.testcases.Loginpagetest"/>
  <testcase name="textcheckinhomepage" time="0.046" classname="com.crm.qa.testcases.Homepagetest"/>
  <testcase name="checkcontactslink" time="1.154" classname="com.crm.qa.testcases.Homepagetest"/>
  <testcase name="checkAlertslink" time="1.052" classname="com.crm.qa.testcases.Homepagetest"/>
  <testcase name="checknewcontactslink" time="1.535" classname="com.crm.qa.testcases.Homepagetest"/>
  <testcase name="checkcontactstext" time="1.191" classname="com.crm.qa.testcases.contactspagetest"/>
  <testcase name="validatenewcontact" time="3.666" classname="com.crm.qa.testcases.contactspagetest"/>
  <testcase name="validatenewcontacts" time="3.716" classname="com.crm.qa.testcases.contactspagetest"/>
  <testcase name="validatenewcontacts" time="4.155" classname="com.crm.qa.testcases.contactspagetest"/>
  <testcase name="validatenewcontacts" time="3.613" classname="com.crm.qa.testcases.contactspagetest"/>
</testsuite> <!-- freecrmapptest -->
